
*** Running vivado
    with args -log top_pivot.vds -m64 -product Vivado -mode batch -messageDb vivado.pb -notrace -source top_pivot.tcl



****** Vivado v2020.2 (64-bit)
  **** SW Build 3064766 on Wed Nov 18 09:12:45 MST 2020
  **** IP Build 3064653 on Wed Nov 18 14:17:31 MST 2020
    ** Copyright 1986-2020 Xilinx, Inc. All Rights Reserved.

source top_pivot.tcl -notrace
Command: synth_design -top top_pivot -part xc7z010clg400-1 -mode Out_of_context
Starting synth_design
Attempting to get a license for feature 'Synthesis' and/or device 'xc7z010'
INFO: [Common 17-349] Got license for feature 'Synthesis' and/or device 'xc7z010'
INFO: [Device 21-403] Loading part xc7z010clg400-1
INFO: [Synth 8-7079] Multithreading enabled for synth_design using a maximum of 2 processes.
INFO: [Synth 8-7078] Launching helper process for spawning children vivado processes
INFO: [Synth 8-7075] Helper process launched with PID 13456
---------------------------------------------------------------------------------
Starting RTL Elaboration : Time (s): cpu = 00:00:08 ; elapsed = 00:00:08 . Memory (MB): peak = 1153.059 ; gain = 9.445
---------------------------------------------------------------------------------
INFO: [Synth 8-638] synthesizing module 'top_pivot' [C:/Users/Dusan/Desktop/8_semestar/system_level/project_7/project_7.srcs/sources_1/new/top_pivot.vhd:48]
INFO: [Synth 8-3491] module 'blk_mem_gen_0' declared at 'C:/Users/Dusan/Desktop/8_semestar/system_level/project_7/project_7.runs/synth_1/.Xil/Vivado-4636-DESKTOP-QI02RAP/realtime/blk_mem_gen_0_stub.vhdl:5' bound to instance 'bram' of component 'blk_mem_gen_0' [C:/Users/Dusan/Desktop/8_semestar/system_level/project_7/project_7.srcs/sources_1/new/top_pivot.vhd:114]
INFO: [Synth 8-638] synthesizing module 'blk_mem_gen_0' [C:/Users/Dusan/Desktop/8_semestar/system_level/project_7/project_7.runs/synth_1/.Xil/Vivado-4636-DESKTOP-QI02RAP/realtime/blk_mem_gen_0_stub.vhdl:23]
INFO: [Synth 8-3491] module 'ip_pivot' declared at 'C:/Users/Dusan/Desktop/8_semestar/system_level/project_7/project_7.srcs/sources_1/new/ip_pivot.vhd:38' bound to instance 'ip_core' of component 'ip_pivot' [C:/Users/Dusan/Desktop/8_semestar/system_level/project_7/project_7.srcs/sources_1/new/top_pivot.vhd:134]
INFO: [Synth 8-638] synthesizing module 'ip_pivot' [C:/Users/Dusan/Desktop/8_semestar/system_level/project_7/project_7.srcs/sources_1/new/ip_pivot.vhd:63]
	Parameter COLSIZE bound to: 101 - type: integer 
	Parameter ROWSIZE bound to: 51 - type: integer 
INFO: [Synth 8-3491] module 'divider_32' declared at 'C:/Users/Dusan/Desktop/8_semestar/system_level/project_7/project_7.srcs/sources_1/new/divider_32.vhd:35' bound to instance 'div' of component 'divider_32' [C:/Users/Dusan/Desktop/8_semestar/system_level/project_7/project_7.srcs/sources_1/new/ip_pivot.vhd:138]
INFO: [Synth 8-638] synthesizing module 'divider_32' [C:/Users/Dusan/Desktop/8_semestar/system_level/project_7/project_7.srcs/sources_1/new/divider_32.vhd:46]
INFO: [Synth 8-3491] module 'div_gen_0' declared at 'C:/Users/Dusan/Desktop/8_semestar/system_level/project_7/project_7.runs/synth_1/.Xil/Vivado-4636-DESKTOP-QI02RAP/realtime/div_gen_0_stub.vhdl:5' bound to instance 'div' of component 'div_gen_0' [C:/Users/Dusan/Desktop/8_semestar/system_level/project_7/project_7.srcs/sources_1/new/divider_32.vhd:69]
INFO: [Synth 8-638] synthesizing module 'div_gen_0' [C:/Users/Dusan/Desktop/8_semestar/system_level/project_7/project_7.runs/synth_1/.Xil/Vivado-4636-DESKTOP-QI02RAP/realtime/div_gen_0_stub.vhdl:18]
INFO: [Synth 8-256] done synthesizing module 'divider_32' (1#1) [C:/Users/Dusan/Desktop/8_semestar/system_level/project_7/project_7.srcs/sources_1/new/divider_32.vhd:46]
WARNING: [Synth 8-5640] Port 'mult_o' is missing in component declaration [C:/Users/Dusan/Desktop/8_semestar/system_level/project_7/project_7.srcs/sources_1/new/ip_pivot.vhd:75]
	Parameter WIDTHA bound to: 32 - type: integer 
	Parameter WIDTHB bound to: 32 - type: integer 
	Parameter SIGNED_UNSIGNED bound to: signed - type: string 
INFO: [Synth 8-3491] module 'dsp' declared at 'C:/Users/Dusan/Desktop/8_semestar/system_level/project_7/project_7.srcs/sources_1/new/dsp.vhd:13' bound to instance 'dsp1' of component 'dsp' [C:/Users/Dusan/Desktop/8_semestar/system_level/project_7/project_7.srcs/sources_1/new/ip_pivot.vhd:149]
INFO: [Synth 8-638] synthesizing module 'dsp' [C:/Users/Dusan/Desktop/8_semestar/system_level/project_7/project_7.srcs/sources_1/new/dsp.vhd:24]
	Parameter WIDTHA bound to: 32 - type: integer 
	Parameter WIDTHB bound to: 32 - type: integer 
	Parameter SIGNED_UNSIGNED bound to: signed - type: string 
INFO: [Synth 8-256] done synthesizing module 'dsp' (2#1) [C:/Users/Dusan/Desktop/8_semestar/system_level/project_7/project_7.srcs/sources_1/new/dsp.vhd:24]
WARNING: [Synth 8-5640] Port 'mult_o' is missing in component declaration [C:/Users/Dusan/Desktop/8_semestar/system_level/project_7/project_7.srcs/sources_1/new/ip_pivot.vhd:75]
	Parameter WIDTHA bound to: 32 - type: integer 
	Parameter WIDTHB bound to: 32 - type: integer 
	Parameter SIGNED_UNSIGNED bound to: signed - type: string 
INFO: [Synth 8-3491] module 'dsp' declared at 'C:/Users/Dusan/Desktop/8_semestar/system_level/project_7/project_7.srcs/sources_1/new/dsp.vhd:13' bound to instance 'dsp2' of component 'dsp' [C:/Users/Dusan/Desktop/8_semestar/system_level/project_7/project_7.srcs/sources_1/new/ip_pivot.vhd:163]
WARNING: [Synth 8-614] signal 'addr1_reg_100' is read in the process but is not in the sensitivity list [C:/Users/Dusan/Desktop/8_semestar/system_level/project_7/project_7.srcs/sources_1/new/ip_pivot.vhd:244]
INFO: [Synth 8-256] done synthesizing module 'ip_pivot' (3#1) [C:/Users/Dusan/Desktop/8_semestar/system_level/project_7/project_7.srcs/sources_1/new/ip_pivot.vhd:63]
INFO: [Synth 8-256] done synthesizing module 'top_pivot' (4#1) [C:/Users/Dusan/Desktop/8_semestar/system_level/project_7/project_7.srcs/sources_1/new/top_pivot.vhd:48]
---------------------------------------------------------------------------------
Finished RTL Elaboration : Time (s): cpu = 00:00:10 ; elapsed = 00:00:11 . Memory (MB): peak = 1224.605 ; gain = 80.992
---------------------------------------------------------------------------------
---------------------------------------------------------------------------------
Start Handling Custom Attributes
---------------------------------------------------------------------------------
---------------------------------------------------------------------------------
Finished Handling Custom Attributes : Time (s): cpu = 00:00:11 ; elapsed = 00:00:12 . Memory (MB): peak = 1246.492 ; gain = 102.879
---------------------------------------------------------------------------------
---------------------------------------------------------------------------------
Finished RTL Optimization Phase 1 : Time (s): cpu = 00:00:11 ; elapsed = 00:00:12 . Memory (MB): peak = 1246.492 ; gain = 102.879
---------------------------------------------------------------------------------
Netlist sorting complete. Time (s): cpu = 00:00:00 ; elapsed = 00:00:00.128 . Memory (MB): peak = 1246.492 ; gain = 0.000
INFO: [Project 1-570] Preparing netlist for logic optimization

Processing XDC Constraints
Initializing timing engine
Parsing XDC File [c:/Users/Dusan/Desktop/8_semestar/system_level/project_7/project_7.gen/sources_1/ip/div_gen_0/div_gen_0/div_gen_0_in_context.xdc] for cell 'ip_core/div/div'
Finished Parsing XDC File [c:/Users/Dusan/Desktop/8_semestar/system_level/project_7/project_7.gen/sources_1/ip/div_gen_0/div_gen_0/div_gen_0_in_context.xdc] for cell 'ip_core/div/div'
Parsing XDC File [c:/Users/Dusan/Desktop/8_semestar/system_level/project_7/project_7.gen/sources_1/ip/blk_mem_gen_0/blk_mem_gen_0/blk_mem_gen_0_in_context.xdc] for cell 'bram'
Finished Parsing XDC File [c:/Users/Dusan/Desktop/8_semestar/system_level/project_7/project_7.gen/sources_1/ip/blk_mem_gen_0/blk_mem_gen_0/blk_mem_gen_0_in_context.xdc] for cell 'bram'
Parsing XDC File [C:/Users/Dusan/Desktop/8_semestar/system_level/project_7/project_7.srcs/constrs_1/new/konst1.xdc]
Finished Parsing XDC File [C:/Users/Dusan/Desktop/8_semestar/system_level/project_7/project_7.srcs/constrs_1/new/konst1.xdc]
Completed Processing XDC Constraints

Netlist sorting complete. Time (s): cpu = 00:00:00 ; elapsed = 00:00:00.003 . Memory (MB): peak = 1365.941 ; gain = 0.000
INFO: [Project 1-111] Unisim Transformation Summary:
No Unisim elements were transformed.

Constraint Validation Runtime : Time (s): cpu = 00:00:00 ; elapsed = 00:00:00.191 . Memory (MB): peak = 1368.902 ; gain = 2.961
---------------------------------------------------------------------------------
Finished Constraint Validation : Time (s): cpu = 00:00:22 ; elapsed = 00:00:23 . Memory (MB): peak = 1368.902 ; gain = 225.289
---------------------------------------------------------------------------------
---------------------------------------------------------------------------------
Start Loading Part and Timing Information
---------------------------------------------------------------------------------
Loading part: xc7z010clg400-1
---------------------------------------------------------------------------------
Finished Loading Part and Timing Information : Time (s): cpu = 00:00:22 ; elapsed = 00:00:23 . Memory (MB): peak = 1368.902 ; gain = 225.289
---------------------------------------------------------------------------------
---------------------------------------------------------------------------------
Start Applying 'set_property' XDC Constraints
---------------------------------------------------------------------------------
Applied set_property KEEP_HIERARCHY = SOFT for ip_core/div/div. (constraint file  auto generated constraint).
Applied set_property KEEP_HIERARCHY = SOFT for bram. (constraint file  auto generated constraint).
---------------------------------------------------------------------------------
Finished applying 'set_property' XDC Constraints : Time (s): cpu = 00:00:22 ; elapsed = 00:00:23 . Memory (MB): peak = 1368.902 ; gain = 225.289
---------------------------------------------------------------------------------
INFO: [Synth 8-802] inferred FSM for state register 'state_reg_reg' in module 'ip_pivot'
---------------------------------------------------------------------------------------------------
                   State |                     New Encoding |                Previous Encoding 
---------------------------------------------------------------------------------------------------
                    idle |                              000 |                              000
                      s1 |                              001 |                              001
                      s2 |                              010 |                              010
                      s3 |                              011 |                              011
                      s4 |                              100 |                              100
                      s5 |                              101 |                              101
                      s6 |                              110 |                              110
---------------------------------------------------------------------------------------------------
INFO: [Synth 8-3354] encoded FSM with state register 'state_reg_reg' using encoding 'sequential' in module 'ip_pivot'
---------------------------------------------------------------------------------
Finished RTL Optimization Phase 2 : Time (s): cpu = 00:00:24 ; elapsed = 00:00:25 . Memory (MB): peak = 1368.902 ; gain = 225.289
---------------------------------------------------------------------------------
INFO: [Synth 8-223] decloning instance 'ip_core/dsp1' (dsp) to 'ip_core/dsp2'
---------------------------------------------------------------------------------
Start RTL Component Statistics 
---------------------------------------------------------------------------------
Detailed RTL Component Info : 
+---Adders : 
	   2 Input   32 Bit       Adders := 2     
	   2 Input   31 Bit       Adders := 1     
	   2 Input   13 Bit       Adders := 1     
	   2 Input    7 Bit       Adders := 1     
+---XORs : 
	   2 Input      1 Bit         XORs := 1     
+---Registers : 
	               53 Bit    Registers := 1     
	               32 Bit    Registers := 107   
	               18 Bit    Registers := 1     
	               13 Bit    Registers := 2     
	                1 Bit    Registers := 2     
+---Multipliers : 
	              32x32  Multipliers := 1     
+---Muxes : 
	   2 Input   32 Bit        Muxes := 5     
	   7 Input   32 Bit        Muxes := 2     
	   2 Input   31 Bit        Muxes := 2     
	   2 Input   21 Bit        Muxes := 1     
	   2 Input   13 Bit        Muxes := 2     
	   7 Input   13 Bit        Muxes := 1     
	   2 Input    7 Bit        Muxes := 1     
	   7 Input    7 Bit        Muxes := 1     
	   7 Input    3 Bit        Muxes := 1     
	   2 Input    3 Bit        Muxes := 4     
	   2 Input    1 Bit        Muxes := 103   
	   7 Input    1 Bit        Muxes := 109   
---------------------------------------------------------------------------------
Finished RTL Component Statistics 
---------------------------------------------------------------------------------
---------------------------------------------------------------------------------
Start Part Resource Summary
---------------------------------------------------------------------------------
Part Resources:
DSPs: 80 (col length:40)
BRAMs: 120 (col length: RAMB18 40 RAMB36 20)
---------------------------------------------------------------------------------
Finished Part Resource Summary
---------------------------------------------------------------------------------
---------------------------------------------------------------------------------
Start Cross Boundary and Area Optimization
---------------------------------------------------------------------------------
DSP Report: Generating DSP multOp, operation Mode is: A2*B.
DSP Report: register multOp is absorbed into DSP multOp.
DSP Report: operator multOp is absorbed into DSP multOp.
DSP Report: operator multOp is absorbed into DSP multOp.
DSP Report: Generating DSP multOp, operation Mode is: (PCIN>>17)+A*B.
DSP Report: operator multOp is absorbed into DSP multOp.
DSP Report: operator multOp is absorbed into DSP multOp.
DSP Report: Generating DSP multOp, operation Mode is: A2*B2.
DSP Report: register multOp is absorbed into DSP multOp.
DSP Report: register multOp is absorbed into DSP multOp.
DSP Report: operator multOp is absorbed into DSP multOp.
DSP Report: operator multOp is absorbed into DSP multOp.
DSP Report: Generating DSP multOp, operation Mode is: (PCIN>>17)+A2*B.
DSP Report: register multOp is absorbed into DSP multOp.
DSP Report: operator multOp is absorbed into DSP multOp.
DSP Report: operator multOp is absorbed into DSP multOp.
DSP Report: Generating DSP p_reg_s_reg, operation Mode is: (C'-A2:B2)'.
DSP Report: register p_reg_s_reg is absorbed into DSP p_reg_s_reg.
DSP Report: register p_reg_s_reg is absorbed into DSP p_reg_s_reg.
DSP Report: register m1_reg_s_reg is absorbed into DSP p_reg_s_reg.
DSP Report: register p_reg_s_reg is absorbed into DSP p_reg_s_reg.
DSP Report: operator p_reg_s0 is absorbed into DSP p_reg_s_reg.
---------------------------------------------------------------------------------
Finished Cross Boundary and Area Optimization : Time (s): cpu = 00:00:34 ; elapsed = 00:00:36 . Memory (MB): peak = 1368.902 ; gain = 225.289
---------------------------------------------------------------------------------
---------------------------------------------------------------------------------
Start ROM, RAM, DSP, Shift Register and Retiming Reporting
---------------------------------------------------------------------------------

DSP: Preliminary Mapping	Report (see note below)
+------------+-----------------+--------+--------+--------+--------+--------+------+------+------+------+-------+------+------+
|Module Name | DSP Mapping     | A Size | B Size | C Size | D Size | P Size | AREG | BREG | CREG | DREG | ADREG | MREG | PREG | 
+------------+-----------------+--------+--------+--------+--------+--------+------+------+------+------+-------+------+------+
|dsp         | A2*B            | 18     | 15     | -      | -      | 48     | 1    | 0    | -    | -    | -     | 0    | 0    | 
|dsp         | (PCIN>>17)+A*B  | 15     | 15     | -      | -      | 48     | 0    | 0    | -    | -    | -     | 0    | 0    | 
|dsp         | A2*B2           | 18     | 18     | -      | -      | 48     | 1    | 1    | -    | -    | -     | 0    | 0    | 
|dsp         | (PCIN>>17)+A2*B | 18     | 15     | -      | -      | 48     | 1    | 0    | -    | -    | -     | 0    | 0    | 
|dsp         | (C'-A2:B2)'     | 14     | 18     | 32     | -      | 32     | 1    | 1    | 1    | -    | -     | 0    | 1    | 
+------------+-----------------+--------+--------+--------+--------+--------+------+------+------+------+-------+------+------+

Note: The table above is a preliminary report that shows the DSPs inferred at the current stage of the synthesis flow. Some DSP may be reimplemented as non DSP primitives later in the synthesis flow. Multiple instantiated DSPs are reported only once.
---------------------------------------------------------------------------------
Finished ROM, RAM, DSP, Shift Register and Retiming Reporting
---------------------------------------------------------------------------------
---------------------------------------------------------------------------------
Start Applying XDC Timing Constraints
---------------------------------------------------------------------------------
---------------------------------------------------------------------------------
Finished Applying XDC Timing Constraints : Time (s): cpu = 00:00:44 ; elapsed = 00:00:46 . Memory (MB): peak = 1368.902 ; gain = 225.289
---------------------------------------------------------------------------------
---------------------------------------------------------------------------------
Start Timing Optimization
---------------------------------------------------------------------------------
---------------------------------------------------------------------------------
Finished Timing Optimization : Time (s): cpu = 00:00:51 ; elapsed = 00:00:53 . Memory (MB): peak = 1473.871 ; gain = 330.258
---------------------------------------------------------------------------------
---------------------------------------------------------------------------------
Start Technology Mapping
---------------------------------------------------------------------------------
---------------------------------------------------------------------------------
Finished Technology Mapping : Time (s): cpu = 00:00:53 ; elapsed = 00:00:55 . Memory (MB): peak = 1474.941 ; gain = 331.328
---------------------------------------------------------------------------------
---------------------------------------------------------------------------------
Start IO Insertion
---------------------------------------------------------------------------------
---------------------------------------------------------------------------------
Start Flattening Before IO Insertion
---------------------------------------------------------------------------------
---------------------------------------------------------------------------------
Finished Flattening Before IO Insertion
---------------------------------------------------------------------------------
---------------------------------------------------------------------------------
Start Final Netlist Cleanup
---------------------------------------------------------------------------------
---------------------------------------------------------------------------------
Finished Final Netlist Cleanup
---------------------------------------------------------------------------------
---------------------------------------------------------------------------------
Finished IO Insertion : Time (s): cpu = 00:00:58 ; elapsed = 00:01:01 . Memory (MB): peak = 1474.941 ; gain = 331.328
---------------------------------------------------------------------------------
---------------------------------------------------------------------------------
Start Renaming Generated Instances
---------------------------------------------------------------------------------
---------------------------------------------------------------------------------
Finished Renaming Generated Instances : Time (s): cpu = 00:00:58 ; elapsed = 00:01:01 . Memory (MB): peak = 1474.941 ; gain = 331.328
---------------------------------------------------------------------------------
---------------------------------------------------------------------------------
Start Rebuilding User Hierarchy
---------------------------------------------------------------------------------
---------------------------------------------------------------------------------
Finished Rebuilding User Hierarchy : Time (s): cpu = 00:00:59 ; elapsed = 00:01:01 . Memory (MB): peak = 1474.941 ; gain = 331.328
---------------------------------------------------------------------------------
---------------------------------------------------------------------------------
Start Renaming Generated Ports
---------------------------------------------------------------------------------
---------------------------------------------------------------------------------
Finished Renaming Generated Ports : Time (s): cpu = 00:00:59 ; elapsed = 00:01:01 . Memory (MB): peak = 1474.941 ; gain = 331.328
---------------------------------------------------------------------------------
---------------------------------------------------------------------------------
Start Handling Custom Attributes
---------------------------------------------------------------------------------
---------------------------------------------------------------------------------
Finished Handling Custom Attributes : Time (s): cpu = 00:00:59 ; elapsed = 00:01:01 . Memory (MB): peak = 1474.941 ; gain = 331.328
---------------------------------------------------------------------------------
---------------------------------------------------------------------------------
Start Renaming Generated Nets
---------------------------------------------------------------------------------
---------------------------------------------------------------------------------
Finished Renaming Generated Nets : Time (s): cpu = 00:00:59 ; elapsed = 00:01:01 . Memory (MB): peak = 1474.941 ; gain = 331.328
---------------------------------------------------------------------------------
---------------------------------------------------------------------------------
Start ROM, RAM, DSP, Shift Register and Retiming Reporting
---------------------------------------------------------------------------------

Static Shift Register Report:
+------------+---------------------------------------+--------+-------+--------------+--------------------+-------------------+--------+---------+
|Module Name | RTL Name                              | Length | Width | Reset Signal | Pull out first Reg | Pull out last Reg | SRL16E | SRLC32E | 
+------------+---------------------------------------+--------+-------+--------------+--------------------+-------------------+--------+---------+
|top_pivot   | ip_core/div/dff_gen[0].xor_reg_reg[0] | 57     | 1     | NO           | NO                 | YES               | 0      | 2       | 
+------------+---------------------------------------+--------+-------+--------------+--------------------+-------------------+--------+---------+

---------------------------------------------------------------------------------
Finished ROM, RAM, DSP, Shift Register and Retiming Reporting
---------------------------------------------------------------------------------
---------------------------------------------------------------------------------
Start Writing Synthesis Report
---------------------------------------------------------------------------------

Report BlackBoxes: 
+------+--------------+----------+
|      |BlackBox name |Instances |
+------+--------------+----------+
|1     |blk_mem_gen_0 |         1|
|2     |div_gen_0     |         1|
+------+--------------+----------+

Report Cell Usage: 
+------+-------------------+------+
|      |Cell               |Count |
+------+-------------------+------+
|1     |blk_mem_gen_0_bbox |     1|
|2     |div_gen_0_bbox     |     1|
|3     |CARRY4             |    27|
|4     |LUT1               |     1|
|5     |LUT2               |    68|
|6     |LUT3               |    41|
|7     |LUT4               |    84|
|8     |LUT5               |    59|
|9     |LUT6               |  1053|
|10    |MUXF7              |   403|
|11    |MUXF8              |   186|
|12    |SRLC32E            |     2|
|13    |FDRE               |  3256|
+------+-------------------+------+
---------------------------------------------------------------------------------
Finished Writing Synthesis Report : Time (s): cpu = 00:00:59 ; elapsed = 00:01:01 . Memory (MB): peak = 1474.941 ; gain = 331.328
---------------------------------------------------------------------------------
Synthesis finished with 0 errors, 0 critical warnings and 0 warnings.
Synthesis Optimization Runtime : Time (s): cpu = 00:00:44 ; elapsed = 00:00:56 . Memory (MB): peak = 1474.941 ; gain = 208.918
Synthesis Optimization Complete : Time (s): cpu = 00:00:59 ; elapsed = 00:01:01 . Memory (MB): peak = 1474.941 ; gain = 331.328
INFO: [Project 1-571] Translating synthesized netlist
Netlist sorting complete. Time (s): cpu = 00:00:00 ; elapsed = 00:00:00.100 . Memory (MB): peak = 1474.941 ; gain = 0.000
INFO: [Netlist 29-17] Analyzing 616 Unisim elements for replacement
INFO: [Netlist 29-28] Unisim Transformation completed in 0 CPU seconds
WARNING: [Netlist 29-101] Netlist 'top_pivot' is not ideal for floorplanning, since the cellview 'ip_pivot' contains a large number of primitives.  Please consider enabling hierarchy in synthesis if you want to do floorplanning.
INFO: [Project 1-570] Preparing netlist for logic optimization
INFO: [Opt 31-138] Pushed 0 inverter(s) to 0 load pin(s).
Netlist sorting complete. Time (s): cpu = 00:00:00 ; elapsed = 00:00:00.001 . Memory (MB): peak = 1474.941 ; gain = 0.000
INFO: [Project 1-111] Unisim Transformation Summary:
No Unisim elements were transformed.

INFO: [Common 17-83] Releasing license: Synthesis
33 Infos, 4 Warnings, 0 Critical Warnings and 0 Errors encountered.
synth_design completed successfully
synth_design: Time (s): cpu = 00:01:09 ; elapsed = 00:01:20 . Memory (MB): peak = 1474.941 ; gain = 331.328
INFO: [Common 17-1381] The checkpoint 'C:/Users/Dusan/Desktop/8_semestar/system_level/project_7/project_7.runs/synth_1/top_pivot.dcp' has been generated.
INFO: [runtcl-4] Executing : report_utilization -file top_pivot_utilization_synth.rpt -pb top_pivot_utilization_synth.pb
INFO: [Common 17-206] Exiting Vivado at Thu Jun 30 14:26:39 2022...
